[2026-03-03T19:39:46.937] [DEBUG] debug-file - env: nodejsVersion=v18.20.1
[2026-03-03T19:39:47.055] [DEBUG] debug-file - begin to create new key files
[2026-03-03T19:39:46.938] [DEBUG] debug-file - env: hvigor-config.json5 content = {
  modelVersion: '5.0.0',
  dependencies: {},
  debugging: { stacktrace: true }
}
[2026-03-03T19:39:47.074] [DEBUG] debug-file - env: daemon=true
[2026-03-03T19:39:48.589] [DEBUG] debug-file - java daemon started at port 45050 pid 46052
[2026-03-03T19:39:48.626] [DEBUG] debug-file - session manager: set active socket. socketId=p11K8oliff3zfcouAAAB
[2026-03-03T19:39:49.163] [DEBUG] debug-file - watch worker: worker id should be larger than 0. Nothing will be sent to any worker thread.
[2026-03-03T19:39:49.165] [DEBUG] debug-file - Since there is no instance or instance is terminated, create a new worker pool.
[2026-03-03T19:39:49.166] [DEBUG] debug-file - Worker pool is initialized with config:  {
  minPoolNum: 2,
  maxPoolNum: undefined,
  maxCoreSize: undefined,
  cacheCapacity: undefined,
  cacheTtl: undefined
}
[2026-03-03T19:39:49.166] [DEBUG] debug-file - Create  resident worker with id: 0.
[2026-03-03T19:39:49.168] [DEBUG] debug-file - Create  resident worker with id: 1.
[2026-03-03T19:39:49.169] [DEBUG] debug-file - Workers' log level updated to INFO
[2026-03-03T19:39:49.173] [DEBUG] debug-file - Hvigor init with startParameters:{
  hvigorfileTypeCheck: false,
  parallelExecution: true,
  incrementalExecution: true,
  printStackTrace: true,
  daemon: true,
  analyze: 0,
  logLevel: Level { level: 20000, levelStr: 'INFO', colour: 'green' },
  optimizationStrategy: 'memory',
  hotCompile: undefined,
  hotReloadBuild: undefined,
  customizedParam: undefined
}
[2026-03-03T19:39:49.173] [DEBUG] debug-file - Since current hvigor version 6.22.3 differs from last hvigor version 
      undefined, delete file-cache.json and task-cache.json.
[2026-03-03T19:39:49.174] [DEBUG] debug-file - Cache service initialization finished in 1 ms 
[2026-03-03T19:39:49.175] [DEBUG] debug-file - hvigorfile, resolving D:\NJU_Calendar_Importer_ArkTS\hvigorfile.ts
[2026-03-03T19:39:50.455] [DEBUG] debug-file - hvigorfile, require result:  { default: { plugins: [] } }
[2026-03-03T19:39:50.455] [DEBUG] debug-file - hvigorfile, binding system plugins null
[2026-03-03T19:39:50.455] [DEBUG] debug-file - Starting plugin build process
[2026-03-03T19:39:50.455] [DEBUG] debug-file - App plugin prepare start...
[2026-03-03T19:39:50.455] [DEBUG] debug-file - App plugin prepare end...
[2026-03-03T19:39:50.456] [DEBUG] debug-file - App plugin creating...
[2026-03-03T19:39:50.564] [DEBUG] debug-file - hvigor build process will be closed with an error.
[2026-03-03T19:39:50.564] [ERROR] debug-file - [31m00303038 Configuration Error
Error Message: Schema validate failed, at file: D:\NJU_Calendar_Importer_ArkTS\build-profile.json5

* Try the following:
  > Please check the following fields. 
 {
  instancePath: 'app.products[0]',
  keyword: 'required',
  params: { missingProperty: 'compatibleSdkVersion' },
  message: "must have required property 'compatibleSdkVersion'",
  location: 'D:/NJU_Calendar_Importer_ArkTS/build-profile.json5:4:8'
} 

[39m

[31m* Try:
> Run with --debug option to get more log output.

[2026-03-03T19:39:50.565] [ERROR] debug-file - AdaptorError: [31m00303038 Configuration Error
Error Message: Schema validate failed, at file: D:\NJU_Calendar_Importer_ArkTS\build-profile.json5

* Try the following:
  > Please check the following fields. 
 {
  instancePath: 'app.products[0]',
  keyword: 'required',
  params: { missingProperty: 'compatibleSdkVersion' },
  message: "must have required property 'compatibleSdkVersion'",
  location: 'D:/NJU_Calendar_Importer_ArkTS/build-profile.json5:4:8'
} 

[39m
    at OhosLogger.printErrorExit (C:\Program Files\Huawei\DevEco Studio\tools\hvigor\hvigor\src\base\log\hvigor-log.js:1:5087)
    at ValidateUtil.doSchemaCheck (C:\Program Files\Huawei\DevEco Studio\tools\hvigor\hvigor-ohos-plugin\src\utils\validate\validate-util.js:1:8177)
    at ValidateUtil.submitSchemaCheckWork (C:\Program Files\Huawei\DevEco Studio\tools\hvigor\hvigor-ohos-plugin\src\utils\validate\validate-util.js:1:7013)
    at ProjectModelImpl.projectBuildProfileCheck (C:\Program Files\Huawei\DevEco Studio\tools\hvigor\hvigor-ohos-plugin\src\model\project\core-project-model-impl.js:1:9192)
    at new CoreProjectModelImpl (C:\Program Files\Huawei\DevEco Studio\tools\hvigor\hvigor-ohos-plugin\src\model\project\core-project-model-impl.js:1:2627)
    at new ProjectModelImpl (C:\Program Files\Huawei\DevEco Studio\tools\hvigor\hvigor-ohos-plugin\src\model\project\project-model-impl.js:1:596)
    at new AppPlugin (C:\Program Files\Huawei\DevEco Studio\tools\hvigor\hvigor-ohos-plugin\src\plugin\app-plugin.js:1:514)
    at StageInitializationStrategy.createAppPlugin (C:\Program Files\Huawei\DevEco Studio\tools\hvigor\hvigor-ohos-plugin\src\plugin\strategy\stage-init-strategy.js:1:949)
    at AppPluginBuilder.createPlugin (C:\Program Files\Huawei\DevEco Studio\tools\hvigor\hvigor-ohos-plugin\src\plugin\builder\app-plugin-builder.js:1:1485)
    at AppPluginBuilder.build (C:\Program Files\Huawei\DevEco Studio\tools\hvigor\hvigor-ohos-plugin\src\plugin\builder\abstract-plugin-builder.js:1:756)
[2026-03-03T19:39:50.577] [ERROR] debug-file - BUILD FAILED in 1 s 408 ms 
[2026-03-03T19:39:50.595] [DEBUG] debug-file - Cleanup worker 0.
[2026-03-03T19:39:50.595] [DEBUG] debug-file - Worker 0 has been cleaned up.
[2026-03-03T19:39:50.595] [DEBUG] debug-file - Current idle worker size: 1.
[2026-03-03T19:39:50.595] [DEBUG] debug-file - Current resident worker size: 2.
[2026-03-03T19:39:50.595] [DEBUG] debug-file - Cleanup worker 1.
[2026-03-03T19:39:50.595] [DEBUG] debug-file - Worker 1 has been cleaned up.
[2026-03-03T19:39:50.595] [DEBUG] debug-file - Current idle worker size: 0.
[2026-03-03T19:39:50.595] [DEBUG] debug-file - Current resident worker size: 2.
[2026-03-03T19:39:50.598] [DEBUG] debug-file - session manager: send message to worker process.
[2026-03-03T19:39:50.598] [DEBUG] debug-file - session manager: send message to worker process.
[2026-03-03T19:39:50.602] [DEBUG] debug-file - hvigor build process will be closed.
[2026-03-03T19:39:50.603] [DEBUG] debug-file - worker[0] exits with exit code 1.
[2026-03-03T19:39:50.603] [DEBUG] debug-file - worker[1] exits with exit code 1.
[2026-03-03T19:39:50.604] [DEBUG] debug-file - watch worker: worker id should be larger than 0. Nothing will be sent to any worker thread.
[2026-03-03T19:39:50.604] [DEBUG] debug-file - watch worker: worker id should be larger than 0. Nothing will be sent to any worker thread.
[2026-03-03T19:46:11.405] [DEBUG] debug-file - session manager: set active socket. socketId=qHUZ01p7m11oEjoKAAAD
